<?xml version="1.0" encoding="UTF-8"?>
<!-- Generated by org.testng.reporters.JUnitXMLReporter -->
<testsuite ignored="0" hostname="DESKTOP-NSD91U7" failures="0" tests="5" name="MyTestGroup" time="0.09" errors="0" timestamp="2025-01-23T11:16:40 WIB">
  <testcase classname="TestNG" name="Test2" time="0.008"/>
  <testcase classname="TestNG" name="Test1" time="0.01"/>
  <testcase classname="TestNG" name="Test3" time="0.001"/>
  <testcase classname="TestNG" name="testMethod" time="0.012"/>
  <testcase classname="TestNG" name="testMethod" time="0.0"/>
</testsuite> <!-- MyTestGroup -->
