<?xml version="1.0" encoding="UTF-8"?>
<testng-results ignored="0" total="5" passed="5" failed="0" skipped="0">
  <reporter-output>
  </reporter-output>
  <suite started-at="2025-01-23T11:16:40 WIB" name="Parallel Execution Suite" finished-at="2025-01-23T11:16:40 WIB" duration-ms="90">
    <groups>
    </groups>
    <test started-at="2025-01-23T11:16:40 WIB" name="MyTestGroup" finished-at="2025-01-23T11:16:40 WIB" duration-ms="90">
      <class name="TestNG">
        <test-method is-config="true" signature="setUpTest()[pri:0, instance:TestNG@4034c28c]" started-at="2025-01-23T11:16:40 WIB" name="setUpTest" finished-at="2025-01-23T11:16:40 WIB" duration-ms="8" status="PASS">
          <reporter-output>
          </reporter-output>
        </test-method> <!-- setUpTest -->
        <test-method is-config="true" signature="setUp()[pri:0, instance:TestNG@4034c28c]" started-at="2025-01-23T11:16:40 WIB" name="setUp" finished-at="2025-01-23T11:16:40 WIB" duration-ms="1" status="PASS">
          <reporter-output>
          </reporter-output>
        </test-method> <!-- setUp -->
        <test-method is-config="true" signature="setUpMethod()[pri:0, instance:TestNG@4034c28c]" started-at="2025-01-23T11:16:40 WIB" name="setUpMethod" finished-at="2025-01-23T11:16:40 WIB" duration-ms="0" status="PASS">
          <reporter-output>
          </reporter-output>
        </test-method> <!-- setUpMethod -->
        <test-method is-config="true" signature="setUpMethod()[pri:0, instance:TestNG@4034c28c]" started-at="2025-01-23T11:16:40 WIB" name="setUpMethod" finished-at="2025-01-23T11:16:40 WIB" duration-ms="0" status="PASS">
          <reporter-output>
          </reporter-output>
        </test-method> <!-- setUpMethod -->
        <test-method signature="Test1()[pri:0, instance:TestNG@4034c28c]" started-at="2025-01-23T11:16:40 WIB" name="Test1" finished-at="2025-01-23T11:16:40 WIB" duration-ms="10" status="PASS">
          <reporter-output>
          </reporter-output>
        </test-method> <!-- Test1 -->
        <test-method signature="Test2()[pri:0, instance:TestNG@4034c28c]" started-at="2025-01-23T11:16:40 WIB" name="Test2" finished-at="2025-01-23T11:16:40 WIB" duration-ms="8" status="PASS">
          <reporter-output>
          </reporter-output>
        </test-method> <!-- Test2 -->
        <test-method is-config="true" signature="afterMethod()[pri:0, instance:TestNG@4034c28c]" started-at="2025-01-23T11:16:40 WIB" name="afterMethod" finished-at="2025-01-23T11:16:40 WIB" duration-ms="0" status="PASS">
          <reporter-output>
          </reporter-output>
        </test-method> <!-- afterMethod -->
        <test-method is-config="true" signature="afterMethod()[pri:0, instance:TestNG@4034c28c]" started-at="2025-01-23T11:16:40 WIB" name="afterMethod" finished-at="2025-01-23T11:16:40 WIB" duration-ms="0" status="PASS">
          <reporter-output>
          </reporter-output>
        </test-method> <!-- afterMethod -->
        <test-method is-config="true" signature="setUpMethod()[pri:0, instance:TestNG@4034c28c]" started-at="2025-01-23T11:16:40 WIB" name="setUpMethod" finished-at="2025-01-23T11:16:40 WIB" duration-ms="0" status="PASS">
          <reporter-output>
          </reporter-output>
        </test-method> <!-- setUpMethod -->
        <test-method signature="Test3()[pri:0, instance:TestNG@4034c28c]" started-at="2025-01-23T11:16:40 WIB" name="Test3" finished-at="2025-01-23T11:16:40 WIB" duration-ms="1" status="PASS">
          <reporter-output>
          </reporter-output>
        </test-method> <!-- Test3 -->
        <test-method is-config="true" signature="afterMethod()[pri:0, instance:TestNG@4034c28c]" started-at="2025-01-23T11:16:40 WIB" name="afterMethod" finished-at="2025-01-23T11:16:40 WIB" duration-ms="0" status="PASS">
          <reporter-output>
          </reporter-output>
        </test-method> <!-- afterMethod -->
        <test-method is-config="true" signature="setUpMethod()[pri:0, instance:TestNG@4034c28c]" started-at="2025-01-23T11:16:40 WIB" name="setUpMethod" finished-at="2025-01-23T11:16:40 WIB" duration-ms="1" status="PASS">
          <reporter-output>
          </reporter-output>
        </test-method> <!-- setUpMethod -->
        <test-method signature="testMethod(int,int)[pri:0, instance:TestNG@4034c28c]" started-at="2025-01-23T11:16:40 WIB" name="testMethod" data-provider="testData" finished-at="2025-01-23T11:16:40 WIB" duration-ms="12" status="PASS">
          <params>
            <param index="0">
              <value>
                <![CDATA[1]]>
              </value>
            </param>
            <param index="1">
              <value>
                <![CDATA[2]]>
              </value>
            </param>
          </params>
          <reporter-output>
          </reporter-output>
        </test-method> <!-- testMethod -->
        <test-method is-config="true" signature="afterMethod()[pri:0, instance:TestNG@4034c28c]" started-at="2025-01-23T11:16:40 WIB" name="afterMethod" finished-at="2025-01-23T11:16:40 WIB" duration-ms="0" status="PASS">
          <reporter-output>
          </reporter-output>
        </test-method> <!-- afterMethod -->
        <test-method signature="testMethod(int,int)[pri:0, instance:TestNG@4034c28c]" started-at="2025-01-23T11:16:40 WIB" name="testMethod" data-provider="testData" finished-at="2025-01-23T11:16:40 WIB" duration-ms="0" status="PASS">
          <params>
            <param index="0">
              <value>
                <![CDATA[3]]>
              </value>
            </param>
            <param index="1">
              <value>
                <![CDATA[4]]>
              </value>
            </param>
          </params>
          <reporter-output>
          </reporter-output>
        </test-method> <!-- testMethod -->
        <test-method is-config="true" signature="setUpMethod()[pri:0, instance:TestNG@4034c28c]" started-at="2025-01-23T11:16:40 WIB" name="setUpMethod" finished-at="2025-01-23T11:16:40 WIB" duration-ms="0" status="PASS">
          <reporter-output>
          </reporter-output>
        </test-method> <!-- setUpMethod -->
        <test-method is-config="true" signature="afterMethod()[pri:0, instance:TestNG@4034c28c]" started-at="2025-01-23T11:16:40 WIB" name="afterMethod" finished-at="2025-01-23T11:16:40 WIB" duration-ms="0" status="PASS">
          <reporter-output>
          </reporter-output>
        </test-method> <!-- afterMethod -->
      </class> <!-- TestNG -->
    </test> <!-- MyTestGroup -->
  </suite> <!-- Parallel Execution Suite -->
</testng-results>
